<?xml version="1.0" encoding="UTF-8"?>
<testsuite xmlns:xsi="http://www.w3.org/2001/XMLSchema-instance" xsi:noNamespaceSchemaLocation="https://maven.apache.org/surefire/maven-surefire-plugin/xsd/surefire-test-report-3.0.xsd" version="3.0" name="com.university.bookstore.repository.ModernJsonMaterialRepositoryTest" time="0.467" tests="25" errors="0" skipped="0" failures="0">
  <properties>
[...]
</properties>
  <testcase name="testConstructorWithValidPath" classname="com.university.bookstore.repository.ModernJsonMaterialRepositoryTest" time="0.231">
    <system-err><![CDATA[Oct 12, 2025 1:27:08 P.M. com.university.bookstore.repository.ModernJsonMaterialRepository initializeStorage
INFO: Created new data file: /var/folders/df/clq8djvj5rn1sqkxy00lnqwh0000gn/T/junit-12424939094018432706/data/modern_test_materials_235089425826958.json
Oct 12, 2025 1:27:08 P.M. com.university.bookstore.repository.ModernJsonMaterialRepository close
INFO: Repository closed
]]></system-err>
  </testcase>
  <testcase name="testRestoreFromBackup" classname="com.university.bookstore.repository.ModernJsonMaterialRepositoryTest" time="0.065">
    <system-err><![CDATA[Oct 12, 2025 1:27:08 P.M. com.university.bookstore.repository.ModernJsonMaterialRepository initializeStorage
INFO: Created directory: /var/folders/df/clq8djvj5rn1sqkxy00lnqwh0000gn/T/junit-12424939094018432706/data
Oct 12, 2025 1:27:08 P.M. com.university.bookstore.repository.ModernJsonMaterialRepository initializeStorage
INFO: Created new data file: /var/folders/df/clq8djvj5rn1sqkxy00lnqwh0000gn/T/junit-12424939094018432706/data/modern_test_materials_235089636302458.json
Oct 12, 2025 1:27:08 P.M. com.university.bookstore.repository.ModernJsonMaterialRepository close
INFO: Repository closed
]]></system-err>
  </testcase>
  <testcase name="testFindByIdNull" classname="com.university.bookstore.repository.ModernJsonMaterialRepositoryTest" time="0.005">
    <system-err><![CDATA[Oct 12, 2025 1:27:08 P.M. com.university.bookstore.repository.ModernJsonMaterialRepository initializeStorage
INFO: Created new data file: /var/folders/df/clq8djvj5rn1sqkxy00lnqwh0000gn/T/junit-12424939094018432706/data/modern_test_materials_235089701690958.json
Oct 12, 2025 1:27:08 P.M. com.university.bookstore.repository.ModernJsonMaterialRepository close
INFO: Repository closed
]]></system-err>
  </testcase>
  <testcase name="testAtomicOperations" classname="com.university.bookstore.repository.ModernJsonMaterialRepositoryTest" time="0.01">
    <system-err><![CDATA[Oct 12, 2025 1:27:08 P.M. com.university.bookstore.repository.ModernJsonMaterialRepository initializeStorage
INFO: Created new data file: /var/folders/df/clq8djvj5rn1sqkxy00lnqwh0000gn/T/junit-12424939094018432706/data/modern_test_materials_235089706386833.json
Oct 12, 2025 1:27:08 P.M. com.university.bookstore.repository.ModernJsonMaterialRepository close
INFO: Repository closed
]]></system-err>
  </testcase>
  <testcase name="testSaveNull" classname="com.university.bookstore.repository.ModernJsonMaterialRepositoryTest" time="0.004">
    <system-err><![CDATA[Oct 12, 2025 1:27:08 P.M. com.university.bookstore.repository.ModernJsonMaterialRepository initializeStorage
INFO: Created new data file: /var/folders/df/clq8djvj5rn1sqkxy00lnqwh0000gn/T/junit-12424939094018432706/data/modern_test_materials_235089716648833.json
Oct 12, 2025 1:27:08 P.M. com.university.bookstore.repository.ModernJsonMaterialRepository close
INFO: Repository closed
]]></system-err>
  </testcase>
  <testcase name="testBackupCreation" classname="com.university.bookstore.repository.ModernJsonMaterialRepositoryTest" time="0.012">
    <system-err><![CDATA[Oct 12, 2025 1:27:08 P.M. com.university.bookstore.repository.ModernJsonMaterialRepository initializeStorage
INFO: Created new data file: /var/folders/df/clq8djvj5rn1sqkxy00lnqwh0000gn/T/junit-12424939094018432706/data/modern_test_materials_235089720883416.json
Oct 12, 2025 1:27:08 P.M. com.university.bookstore.repository.ModernJsonMaterialRepository close
INFO: Repository closed
]]></system-err>
  </testcase>
  <testcase name="testFindAll" classname="com.university.bookstore.repository.ModernJsonMaterialRepositoryTest" time="0.011">
    <system-err><![CDATA[Oct 12, 2025 1:27:08 P.M. com.university.bookstore.repository.ModernJsonMaterialRepository initializeStorage
INFO: Created new data file: /var/folders/df/clq8djvj5rn1sqkxy00lnqwh0000gn/T/junit-12424939094018432706/data/modern_test_materials_235089732458583.json
Oct 12, 2025 1:27:08 P.M. com.university.bookstore.repository.ModernJsonMaterialRepository close
INFO: Repository closed
]]></system-err>
  </testcase>
  <testcase name="testClose" classname="com.university.bookstore.repository.ModernJsonMaterialRepositoryTest" time="0.007">
    <system-err><![CDATA[Oct 12, 2025 1:27:08 P.M. com.university.bookstore.repository.ModernJsonMaterialRepository initializeStorage
INFO: Created new data file: /var/folders/df/clq8djvj5rn1sqkxy00lnqwh0000gn/T/junit-12424939094018432706/data/modern_test_materials_235089744126958.json
Oct 12, 2025 1:27:08 P.M. com.university.bookstore.repository.ModernJsonMaterialRepository close
INFO: Repository closed
]]></system-err>
  </testcase>
  <testcase name="testCount" classname="com.university.bookstore.repository.ModernJsonMaterialRepositoryTest" time="0.01">
    <system-err><![CDATA[Oct 12, 2025 1:27:08 P.M. com.university.bookstore.repository.ModernJsonMaterialRepository initializeStorage
INFO: Created new data file: /var/folders/df/clq8djvj5rn1sqkxy00lnqwh0000gn/T/junit-12424939094018432706/data/modern_test_materials_235089751667666.json
Oct 12, 2025 1:27:08 P.M. com.university.bookstore.repository.ModernJsonMaterialRepository close
INFO: Repository closed
]]></system-err>
  </testcase>
  <testcase name="testComplexMaterialTypes" classname="com.university.bookstore.repository.ModernJsonMaterialRepositoryTest" time="0.017">
    <system-err><![CDATA[Oct 12, 2025 1:27:08 P.M. com.university.bookstore.repository.ModernJsonMaterialRepository initializeStorage
INFO: Created new data file: /var/folders/df/clq8djvj5rn1sqkxy00lnqwh0000gn/T/junit-12424939094018432706/data/modern_test_materials_235089762044791.json
Oct 12, 2025 1:27:08 P.M. com.university.bookstore.repository.ModernJsonMaterialRepository close
INFO: Repository closed
]]></system-err>
  </testcase>
  <testcase name="testDataFileExists" classname="com.university.bookstore.repository.ModernJsonMaterialRepositoryTest" time="0.008">
    <system-err><![CDATA[Oct 12, 2025 1:27:08 P.M. com.university.bookstore.repository.ModernJsonMaterialRepository initializeStorage
INFO: Created new data file: /var/folders/df/clq8djvj5rn1sqkxy00lnqwh0000gn/T/junit-12424939094018432706/data/modern_test_materials_235089778956958.json
Oct 12, 2025 1:27:08 P.M. com.university.bookstore.repository.ModernJsonMaterialRepository close
INFO: Repository closed
]]></system-err>
  </testcase>
  <testcase name="testDeleteAll" classname="com.university.bookstore.repository.ModernJsonMaterialRepositoryTest" time="0.011">
    <system-err><![CDATA[Oct 12, 2025 1:27:08 P.M. com.university.bookstore.repository.ModernJsonMaterialRepository initializeStorage
INFO: Created new data file: /var/folders/df/clq8djvj5rn1sqkxy00lnqwh0000gn/T/junit-12424939094018432706/data/modern_test_materials_235089786715541.json
Oct 12, 2025 1:27:08 P.M. com.university.bookstore.repository.ModernJsonMaterialRepository deleteAll
INFO: Cleared all materials from repository
Oct 12, 2025 1:27:08 P.M. com.university.bookstore.repository.ModernJsonMaterialRepository close
INFO: Repository closed
]]></system-err>
  </testcase>
  <testcase name="testFindByIdEmpty" classname="com.university.bookstore.repository.ModernJsonMaterialRepositoryTest" time="0.004">
    <system-err><![CDATA[Oct 12, 2025 1:27:08 P.M. com.university.bookstore.repository.ModernJsonMaterialRepository initializeStorage
INFO: Created new data file: /var/folders/df/clq8djvj5rn1sqkxy00lnqwh0000gn/T/junit-12424939094018432706/data/modern_test_materials_235089797795208.json
Oct 12, 2025 1:27:08 P.M. com.university.bookstore.repository.ModernJsonMaterialRepository close
INFO: Repository closed
]]></system-err>
  </testcase>
  <testcase name="testGetFilePath" classname="com.university.bookstore.repository.ModernJsonMaterialRepositoryTest" time="0.003">
    <system-err><![CDATA[Oct 12, 2025 1:27:08 P.M. com.university.bookstore.repository.ModernJsonMaterialRepository initializeStorage
INFO: Created new data file: /var/folders/df/clq8djvj5rn1sqkxy00lnqwh0000gn/T/junit-12424939094018432706/data/modern_test_materials_235089801413291.json
Oct 12, 2025 1:27:08 P.M. com.university.bookstore.repository.ModernJsonMaterialRepository close
INFO: Repository closed
]]></system-err>
  </testcase>
  <testcase name="testDeleteNull" classname="com.university.bookstore.repository.ModernJsonMaterialRepositoryTest" time="0.003">
    <system-err><![CDATA[Oct 12, 2025 1:27:08 P.M. com.university.bookstore.repository.ModernJsonMaterialRepository initializeStorage
INFO: Created new data file: /var/folders/df/clq8djvj5rn1sqkxy00lnqwh0000gn/T/junit-12424939094018432706/data/modern_test_materials_235089804510375.json
Oct 12, 2025 1:27:08 P.M. com.university.bookstore.repository.ModernJsonMaterialRepository close
INFO: Repository closed
]]></system-err>
  </testcase>
  <testcase name="testUpdateExistingMaterial" classname="com.university.bookstore.repository.ModernJsonMaterialRepositoryTest" time="0.009">
    <system-err><![CDATA[Oct 12, 2025 1:27:08 P.M. com.university.bookstore.repository.ModernJsonMaterialRepository initializeStorage
INFO: Created new data file: /var/folders/df/clq8djvj5rn1sqkxy00lnqwh0000gn/T/junit-12424939094018432706/data/modern_test_materials_235089807473541.json
Oct 12, 2025 1:27:08 P.M. com.university.bookstore.repository.ModernJsonMaterialRepository close
INFO: Repository closed
]]></system-err>
  </testcase>
  <testcase name="testDelete" classname="com.university.bookstore.repository.ModernJsonMaterialRepositoryTest" time="0.01">
    <system-err><![CDATA[Oct 12, 2025 1:27:08 P.M. com.university.bookstore.repository.ModernJsonMaterialRepository initializeStorage
INFO: Created new data file: /var/folders/df/clq8djvj5rn1sqkxy00lnqwh0000gn/T/junit-12424939094018432706/data/modern_test_materials_235089816623791.json
Oct 12, 2025 1:27:08 P.M. com.university.bookstore.repository.ModernJsonMaterialRepository close
INFO: Repository closed
]]></system-err>
  </testcase>
  <testcase name="testExists" classname="com.university.bookstore.repository.ModernJsonMaterialRepositoryTest" time="0.007">
    <system-err><![CDATA[Oct 12, 2025 1:27:08 P.M. com.university.bookstore.repository.ModernJsonMaterialRepository initializeStorage
INFO: Created new data file: /var/folders/df/clq8djvj5rn1sqkxy00lnqwh0000gn/T/junit-12424939094018432706/data/modern_test_materials_235089827057500.json
Oct 12, 2025 1:27:08 P.M. com.university.bookstore.repository.ModernJsonMaterialRepository close
INFO: Repository closed
]]></system-err>
  </testcase>
  <testcase name="testConstructorWithNullPath" classname="com.university.bookstore.repository.ModernJsonMaterialRepositoryTest" time="0.003">
    <system-err><![CDATA[Oct 12, 2025 1:27:08 P.M. com.university.bookstore.repository.ModernJsonMaterialRepository initializeStorage
INFO: Created new data file: /var/folders/df/clq8djvj5rn1sqkxy00lnqwh0000gn/T/junit-12424939094018432706/data/modern_test_materials_235089834213250.json
Oct 12, 2025 1:27:08 P.M. com.university.bookstore.repository.ModernJsonMaterialRepository close
INFO: Repository closed
]]></system-err>
  </testcase>
  <testcase name="testConcurrentAccess" classname="com.university.bookstore.repository.ModernJsonMaterialRepositoryTest" time="0.008">
    <system-err><![CDATA[Oct 12, 2025 1:27:08 P.M. com.university.bookstore.repository.ModernJsonMaterialRepository initializeStorage
INFO: Created new data file: /var/folders/df/clq8djvj5rn1sqkxy00lnqwh0000gn/T/junit-12424939094018432706/data/modern_test_materials_235089837470416.json
Oct 12, 2025 1:27:08 P.M. com.university.bookstore.repository.ModernJsonMaterialRepository close
INFO: Repository closed
]]></system-err>
  </testcase>
  <testcase name="testSaveAndFindById" classname="com.university.bookstore.repository.ModernJsonMaterialRepositoryTest" time="0.006">
    <system-err><![CDATA[Oct 12, 2025 1:27:08 P.M. com.university.bookstore.repository.ModernJsonMaterialRepository initializeStorage
INFO: Created new data file: /var/folders/df/clq8djvj5rn1sqkxy00lnqwh0000gn/T/junit-12424939094018432706/data/modern_test_materials_235089846291666.json
Oct 12, 2025 1:27:08 P.M. com.university.bookstore.repository.ModernJsonMaterialRepository close
INFO: Repository closed
]]></system-err>
  </testcase>
  <testcase name="testConstructorWithEmptyPath" classname="com.university.bookstore.repository.ModernJsonMaterialRepositoryTest" time="0.004">
    <system-err><![CDATA[Oct 12, 2025 1:27:08 P.M. com.university.bookstore.repository.ModernJsonMaterialRepository initializeStorage
INFO: Created new data file: /var/folders/df/clq8djvj5rn1sqkxy00lnqwh0000gn/T/junit-12424939094018432706/data/modern_test_materials_235089852755375.json
Oct 12, 2025 1:27:08 P.M. com.university.bookstore.repository.ModernJsonMaterialRepository close
INFO: Repository closed
]]></system-err>
  </testcase>
  <testcase name="testDoubleClose" classname="com.university.bookstore.repository.ModernJsonMaterialRepositoryTest" time="0.003">
    <system-err><![CDATA[Oct 12, 2025 1:27:08 P.M. com.university.bookstore.repository.ModernJsonMaterialRepository initializeStorage
INFO: Created new data file: /var/folders/df/clq8djvj5rn1sqkxy00lnqwh0000gn/T/junit-12424939094018432706/data/modern_test_materials_235089857256291.json
Oct 12, 2025 1:27:08 P.M. com.university.bookstore.repository.ModernJsonMaterialRepository close
INFO: Repository closed
]]></system-err>
  </testcase>
  <testcase name="testEmptyFileHandling" classname="com.university.bookstore.repository.ModernJsonMaterialRepositoryTest" time="0.006">
    <system-err><![CDATA[Oct 12, 2025 1:27:08 P.M. com.university.bookstore.repository.ModernJsonMaterialRepository initializeStorage
INFO: Created new data file: /var/folders/df/clq8djvj5rn1sqkxy00lnqwh0000gn/T/junit-12424939094018432706/data/modern_test_materials_235089860872750.json
Oct 12, 2025 1:27:08 P.M. com.university.bookstore.repository.ModernJsonMaterialRepository initializeStorage
INFO: Created new data file: /var/folders/df/clq8djvj5rn1sqkxy00lnqwh0000gn/T/junit-12424939094018432706/data/empty_modern.json
Oct 12, 2025 1:27:08 P.M. com.university.bookstore.repository.ModernJsonMaterialRepository close
INFO: Repository closed
Oct 12, 2025 1:27:08 P.M. com.university.bookstore.repository.ModernJsonMaterialRepository close
INFO: Repository closed
]]></system-err>
  </testcase>
  <testcase name="testGetDataFileSize" classname="com.university.bookstore.repository.ModernJsonMaterialRepositoryTest" time="0.005">
    <system-err><![CDATA[Oct 12, 2025 1:27:08 P.M. com.university.bookstore.repository.ModernJsonMaterialRepository initializeStorage
INFO: Created new data file: /var/folders/df/clq8djvj5rn1sqkxy00lnqwh0000gn/T/junit-12424939094018432706/data/modern_test_materials_235089866451041.json
Oct 12, 2025 1:27:08 P.M. com.university.bookstore.repository.ModernJsonMaterialRepository close
INFO: Repository closed
]]></system-err>
  </testcase>
</testsuite>